<?xml version="1.0" encoding="UTF-8"?>
<!-- Generated by org.testng.reporters.JUnitReportReporter -->
<testsuite skipped="0" hostname="ASIPL00132_GirishB" name="TestRunner" tests="1" failures="0" timestamp="2021-05-20T14:28:12 IST" time="2.591" errors="0">
  <testcase name="runScenario" time="2.591" classname="TestRunner"/>
  <system-out/>
</testsuite> <!-- TestRunner -->
