<?xml version="1.0" encoding="UTF-8"?>
<!-- Generated by org.testng.reporters.JUnitReportReporter -->
<testsuite skipped="0" hostname="ASIPL00132_GirishB" name="runners.SmokeTestRunner" tests="1" failures="0" timestamp="2021-06-25T21:33:37 IST" time="21.266" errors="0">
  <testcase name="runScenario" time="21.266" classname="runners.SmokeTestRunner"/>
  <system-out/>
</testsuite> <!-- runners.SmokeTestRunner -->
