<?xml version="1.0" encoding="UTF-8"?>
<!-- Generated by org.testng.reporters.JUnitReportReporter -->
<testsuite hostname="DESKTOP-8D3LGLI" failures="0" tests="16" name="web.runners.ParentTestRunner" time="419.567" errors="0" timestamp="2024-01-19T12:13:38 IST" skipped="0">
  <testcase classname="web.runners.ParentTestRunner" name="runScenario" time="36.801"/>
  <system-out/>
  <testcase classname="web.runners.ParentTestRunner" name="runScenario" time="24.368"/>
  <system-out/>
  <testcase classname="web.runners.ParentTestRunner" name="runScenario" time="6.778"/>
  <system-out/>
  <testcase classname="web.runners.ParentTestRunner" name="runScenario" time="13.669"/>
  <system-out/>
  <testcase classname="web.runners.ParentTestRunner" name="runScenario" time="23.326"/>
  <system-out/>
  <testcase classname="web.runners.ParentTestRunner" name="runScenario" time="24.753"/>
  <system-out/>
  <testcase classname="web.runners.ParentTestRunner" name="runScenario" time="38.761"/>
  <system-out/>
  <testcase classname="web.runners.ParentTestRunner" name="runScenario" time="40.765"/>
  <system-out/>
  <testcase classname="web.runners.ParentTestRunner" name="runScenario" time="17.792"/>
  <system-out/>
  <testcase classname="web.runners.ParentTestRunner" name="runScenario" time="6.726"/>
  <system-out/>
  <testcase classname="web.runners.ParentTestRunner" name="runScenario" time="23.154"/>
  <system-out/>
  <testcase classname="web.runners.ParentTestRunner" name="runScenario" time="0.870"/>
  <system-out/>
  <testcase classname="web.runners.ParentTestRunner" name="runScenario" time="26.885"/>
  <system-out/>
  <testcase classname="web.runners.ParentTestRunner" name="runScenario" time="21.709"/>
  <system-out/>
  <testcase classname="web.runners.ParentTestRunner" name="runScenario" time="82.994"/>
  <system-out/>
  <testcase classname="web.runners.ParentTestRunner" name="runScenario" time="30.216"/>
  <system-out/>
</testsuite> <!-- web.runners.ParentTestRunner -->
